2020/07/07 12:58:23 Registering Handlers
2020/07/07 12:58:23 Registering Yaml Parser
2020/07/07 12:58:23 Processing input config - sampleconfigV2.yaml
2020/07/07 12:59:07 Registering Handlers
2020/07/07 12:59:07 Registering Yaml Parser
2020/07/07 12:59:07 Processing input config - sampleconfig_v2.yaml
2020/07/07 12:59:07 Operating with config {test1.log 60 true U map[segment1:{1 1 map[DoSomething:0.5 Exit:0.001 NoOp:0.499] {{map[Activity_History:map[Home:1] Add_Credit_card:map[Home:1] Add_Payment_Instrument:map[Add_Credit_card:0.5 Home:0.5] Change_Presuggested_Targetting:map[Home:0.01 Upload_Image:0.99] Check_Ad_Preview:map[Home:0.01 Submit_Ad:0.99] Check_Bid_Details:map[Check_Targetting_Details:0.7 Home:0.3] Check_Targetting_Details:map[Change_Presuggested_Targetting:0.29 Home:0.01 Upload_Image:0.7] Contact_Us:map[Home:1] Create_Ad:map[Check_Bid_Details:0.6 Check_Targetting_Details:0.2 Upload_Image:0.2] Help_Desk:map[Home:0.1 Raise_Complaint:0.9] Home:map[Activity_History:0.07 Add_Payment_Instrument:0.05 Contact_Us:0.05 Create_Ad:0.5 Help_Desk:0.05 Payment_History:0.08 Performance_History:0.2] Modify_Targetting:map[Home:0.5 Performance_Improvements_Suggestion:0.5] Payment_History:map[Home:1] Performance_History:map[Home:0.2 Modify_Targetting:0.1 Performance_Improvements_Suggestion:0.7] Performance_Improvements_Suggestion:map[Home:0.5 Modify_Targetting:0.5] Raise_Complaint:map[Home:1] Submit_Ad:map[Create_Ad:0.5 Home:0.5] Upload_Image:map[Check_Ad_Preview:0.99 Home:0.01]] [Home]} map[]} 2020-07-07 07:29:07.523725052 +0000 UTC map[Activity_History:map[category:PAGE_VIEW] Add_Credit_card:map[category:CLICK_BUTTON] Add_Payment_Instrument:map[category:PAGE_VIEW] Change_Presuggested_Targetting:map[category:CLICK_BUTTON] Check_Ad_Preview:map[category:PAGE_VIEW] Check_Bid_Details:map[category:PAGE_VIEW] Check_Targetting_Details:map[category:PAGE_VIEW] Contact_Us:map[category:PAGE_VIEW] Create_Ad:map[category:PAGE_VIEW] Help_Desk:map[category:PAGE_VIEW] Home:map[category:PAGE_VIEW] Modify_Targetting:map[category:CLICK_BUTTON] Payment_History:map[category:PAGE_VIEW] Performance_History:map[category:PAGE_VIEW] Performance_Improvements_Suggestion:map[category:PAGE_VIEW] Raise_Complaint:map[category:CLICK_BUTTON] Submit_Ad:map[category:CLICK_BUTTON] Upload_Image:map[category:PAGE_VIEW]] map[U1:map[age:u1 gender:u2] U10:map[age:u1 gender:u2] U11:map[age:u1 gender:u3] U12:map[age:u4 gender:u2] U2:map[age:u1 gender:u3] U3:map[age:u4 gender:u2] U4:map[age:u1 gender:u2] U5:map[age:u1 gender:u3] U6:map[age:u4 gender:u2] U7:map[age:u1 gender:u2] U8:map[age:u1 gender:u3] U9:map[age:u4 gender:u2]] true}] 10 0.5 10}
2020/07/07 12:59:07 Registering Output to Log Writer
2020/07/07 12:59:07 Registration Done !!!
2020/07/07 12:59:07 UserIndex Map map[segment1:1]
2020/07/07 12:59:07 RangeMaps {{{[{0 4} {5 9}] [Insert NoInsert]} 10} map[segment1:{map[Activity_History:{{[{0 9}] [Home]} 10} Add_Credit_card:{{[{0 9}] [Home]} 10} Add_Payment_Instrument:{{[{0 4} {5 9}] [Home Add_Credit_card]} 10} Change_Presuggested_Targetting:{{[{0 98} {99 99}] [Upload_Image Home]} 100} Check_Ad_Preview:{{[{0 0} {1 99}] [Home Submit_Ad]} 100} Check_Bid_Details:{{[{0 2} {3 9}] [Home Check_Targetting_Details]} 10} Check_Targetting_Details:{{[{0 69} {70 98} {99 99}] [Upload_Image Change_Presuggested_Targetting Home]} 100} Contact_Us:{{[{0 9}] [Home]} 10} Create_Ad:{{[{0 5} {6 7} {8 9}] [Check_Bid_Details Check_Targetting_Details Upload_Image]} 10} Help_Desk:{{[{0 0} {1 9}] [Home Raise_Complaint]} 10} Home:{{[{0 49} {50 69} {70 77} {78 84} {85 89} {90 94} {95 99}] [Create_Ad Performance_History Payment_History Activity_History Add_Payment_Instrument Contact_Us Help_Desk]} 100} Modify_Targetting:{{[{0 4} {5 9}] [Home Performance_Improvements_Suggestion]} 10} Payment_History:{{[{0 9}] [Home]} 10} Performance_History:{{[{0 6} {7 7} {8 9}] [Performance_Improvements_Suggestion Modify_Targetting Home]} 10} Performance_Improvements_Suggestion:{{[{0 4} {5 9}] [Home Modify_Targetting]} 10} Raise_Complaint:{{[{0 9}] [Home]} 10} Submit_Ad:{{[{0 4} {5 9}] [Create_Ad Home]} 10} Upload_Image:{{[{0 98} {99 99}] [Check_Ad_Preview Home]} 100}] {{[{0 9}] [EventCorrelation]} 10} {{[{0 499} {500 998} {999 999}] [DoSomething NoOp Exit]} 1000}}]}
2020/07/07 12:59:07 Main: Waiting for All Segments to finish
2020/07/07 12:59:07 Main: Operating on segment1 with User Range 1 - 1
2020/07/07 12:59:07 Main: Waiting for segment1 to finish for user Range 1 - 1
2020/07/07 12:59:07 Starting U1 for duration 60
2020/07/07 12:59:17 Seed New User - NoInsert
2020/07/07 12:59:27 Seed New User - Insert
2020/07/07 12:59:27 Getting User 2 to the system with Segment segment1
2020/07/07 12:59:27 Main: Operating on segment1 with User Range 2 - 11
2020/07/07 12:59:27 Main: Waiting for segment1 to finish for user Range 2 - 11
2020/07/07 12:59:27 Starting U3 for duration 60
2020/07/07 12:59:27 Starting U11 for duration 60
2020/07/07 12:59:27 Starting U2 for duration 60
2020/07/07 12:59:27 Starting U5 for duration 60
2020/07/07 12:59:27 Starting U6 for duration 60
2020/07/07 12:59:27 Starting U4 for duration 60
2020/07/07 12:59:27 Starting U9 for duration 60
2020/07/07 12:59:27 Starting U8 for duration 60
2020/07/07 12:59:27 Starting U10 for duration 60
2020/07/07 12:59:27 Starting U7 for duration 60
2020/07/07 12:59:37 Seed New User - NoInsert
2020/07/07 12:59:40 Done U1
2020/07/07 12:59:40 Main: segment1 Completed for user Range 1 - 1
2020/07/07 12:59:47 Seed New User - NoInsert
2020/07/07 12:59:51 Done U8
2020/07/07 12:59:52 Done U9
2020/07/07 12:59:53 Done U4
2020/07/07 12:59:54 Done U2
2020/07/07 12:59:55 Done U7
2020/07/07 12:59:55 Done U5
2020/07/07 12:59:56 Done U10
2020/07/07 12:59:57 Seed New User - Insert
2020/07/07 12:59:57 Getting User 12 to the system with Segment segment1
2020/07/07 12:59:57 All Segments - Done !!!
2020/07/07 12:59:57 Main: Operating on segment1 with User Range 12 - 21
2020/07/07 12:59:57 Main: Waiting for segment1 to finish for user Range 12 - 21
2020/07/07 12:59:57 Starting U21 for duration 60
2020/07/07 12:59:57 Starting U16 for duration 60
2020/07/07 12:59:57 Starting U12 for duration 60
2020/07/07 12:59:57 Starting U17 for duration 60
2020/07/07 12:59:57 Starting U13 for duration 60
2020/07/07 12:59:57 Starting U18 for duration 60
2020/07/07 12:59:57 Starting U19 for duration 60
2020/07/07 12:59:57 Starting U14 for duration 60
2020/07/07 12:59:57 Starting U20 for duration 60
2020/07/07 12:59:57 Starting U15 for duration 60
2020/07/07 12:59:57 Done U6
2020/07/07 12:59:59 Done U11
2020/07/07 13:00:00 Done U3
2020/07/07 13:00:00 Main: segment1 Completed for user Range 2 - 11
2020/07/07 13:00:23 Done U16
2020/07/07 13:00:23 Done U13
2020/07/07 13:00:24 Done U15
2020/07/07 13:00:24 Done U19
2020/07/07 13:00:25 Done U18
2020/07/07 13:00:28 Done U12
2020/07/07 13:00:28 Done U20
2020/07/07 13:00:29 Done U21
2020/07/07 13:00:34 Done U14
2020/07/07 13:00:36 Done U17
2020/07/07 13:00:36 Main: segment1 Completed for user Range 12 - 21
2020/07/07 13:00:36 New Users - Done !!!
2020/07/07 13:00:36 Main - Done !!!
